[    0.000000] Linux version 4.15.0-208-generic (buildd@lcy02-amd64-015) (gcc version 7.5.0 (Ubuntu 7.5.0-3ubuntu1~18.04)) #220-Ubuntu SMP Mon Mar 20 14:27:01 UTC 2023 (Ubuntu 4.15.0-208.220-generic 4.15.18)
[    0.000000] Command line: BOOT_IMAGE=/boot/vmlinuz-4.15.0-208-generic root=LABEL=cloudimg-rootfs ro console=tty1 console=ttyS0
[    0.000000] KERNEL supported cpus:
[    0.000000]   Intel GenuineIntel
[    0.000000]   AMD AuthenticAMD
[    0.000000]   Centaur CentaurHauls
[    0.000000] [Firmware Bug]: TSC doesn't count with P0 frequency!
[    0.000000] x86/fpu: Supporting XSAVE feature 0x001: 'x87 floating point registers'
[    0.000000] x86/fpu: Supporting XSAVE feature 0x002: 'SSE registers'
[    0.000000] x86/fpu: Supporting XSAVE feature 0x004: 'AVX registers'
[    0.000000] x86/fpu: xstate_offset[2]:  576, xstate_sizes[2]:  256
[    0.000000] x86/fpu: Enabled xstate features 0x7, context size is 832 bytes, using 'standard' format.
[    0.000000] e820: BIOS-provided physical RAM map:
[    0.000000] BIOS-e820: [mem 0x0000000000000000-0x000000000009fbff] usable
[    0.000000] BIOS-e820: [mem 0x000000000009fc00-0x000000000009ffff] reserved
[    0.000000] BIOS-e820: [mem 0x00000000000f0000-0x00000000000fffff] reserved
[    0.000000] BIOS-e820: [mem 0x0000000000100000-0x000000003ffeffff] usable
[    0.000000] BIOS-e820: [mem 0x000000003fff0000-0x000000003fffffff] ACPI data
[    0.000000] BIOS-e820: [mem 0x00000000fec00000-0x00000000fec00fff] reserved
[    0.000000] BIOS-e820: [mem 0x00000000fee00000-0x00000000fee00fff] reserved
[    0.000000] BIOS-e820: [mem 0x00000000fffc0000-0x00000000ffffffff] reserved
[    0.000000] NX (Execute Disable) protection: active
[    0.000000] SMBIOS 2.5 present.
[    0.000000] DMI: innotek GmbH VirtualBox/VirtualBox, BIOS VirtualBox 12/01/2006
[    0.000000] Hypervisor detected: KVM
[    0.000000] e820: last_pfn = 0x3fff0 max_arch_pfn = 0x400000000
[    0.000000] MTRR: Disabled
[    0.000000] x86/PAT: MTRRs disabled, skipping PAT initialization too.
[    0.000000] CPU MTRRs all blank - virtualized system.
[    0.000000] x86/PAT: Configuration [0-7]: WB  WT  UC- UC  WB  WT  UC- UC  
[    0.000000] found SMP MP-table at [mem 0x0009fff0-0x0009ffff]
[    0.000000] Scanning 1 areas for low memory corruption
[    0.000000] RAMDISK: [mem 0x359c9000-0x36cdbfff]
[    0.000000] ACPI: Early table checksum verification disabled
[    0.000000] ACPI: RSDP 0x00000000000E0000 000024 (v02 VBOX  )
[    0.000000] ACPI: XSDT 0x000000003FFF0030 00003C (v01 VBOX   VBOXXSDT 00000001 ASL  00000061)
[    0.000000] ACPI: FACP 0x000000003FFF00F0 0000F4 (v04 VBOX   VBOXFACP 00000001 ASL  00000061)
[    0.000000] ACPI: DSDT 0x000000003FFF0470 002325 (v02 VBOX   VBOXBIOS 00000002 INTL 20100528)
[    0.000000] ACPI: FACS 0x000000003FFF0200 000040
[    0.000000] ACPI: FACS 0x000000003FFF0200 000040
[    0.000000] ACPI: APIC 0x000000003FFF0240 00005C (v02 VBOX   VBOXAPIC 00000001 ASL  00000061)
[    0.000000] ACPI: SSDT 0x000000003FFF02A0 0001CC (v01 VBOX   VBOXCPUT 00000002 INTL 20100528)
[    0.000000] ACPI: Reserving FACP table memory at [mem 0x3fff00f0-0x3fff01e3]
[    0.000000] ACPI: Reserving DSDT table memory at [mem 0x3fff0470-0x3fff2794]
[    0.000000] ACPI: Reserving FACS table memory at [mem 0x3fff0200-0x3fff023f]
[    0.000000] ACPI: Reserving FACS table memory at [mem 0x3fff0200-0x3fff023f]
[    0.000000] ACPI: Reserving APIC table memory at [mem 0x3fff0240-0x3fff029b]
[    0.000000] ACPI: Reserving SSDT table memory at [mem 0x3fff02a0-0x3fff046b]
[    0.000000] No NUMA configuration found
[    0.000000] Faking a node at [mem 0x0000000000000000-0x000000003ffeffff]
[    0.000000] NODE_DATA(0) allocated [mem 0x3ffc5000-0x3ffeffff]
[    0.000000] kvm-clock: cpu 0, msr 0:3ff44001, primary cpu clock
[    0.000000] kvm-clock: Using msrs 4b564d01 and 4b564d00
[    0.000000] kvm-clock: using sched offset of 3986672420 cycles
[    0.000000] clocksource: kvm-clock: mask: 0xffffffffffffffff max_cycles: 0x1cd42e4dffb, max_idle_ns: 881590591483 ns
[    0.000000] Zone ranges:
[    0.000000]   DMA      [mem 0x0000000000001000-0x0000000000ffffff]
[    0.000000]   DMA32    [mem 0x0000000001000000-0x000000003ffeffff]
[    0.000000]   Normal   empty
[    0.000000]   Device   empty
[    0.000000] Movable zone start for each node
[    0.000000] Early memory node ranges
[    0.000000]   node   0: [mem 0x0000000000001000-0x000000000009efff]
[    0.000000]   node   0: [mem 0x0000000000100000-0x000000003ffeffff]
[    0.000000] Reserved but unavailable: 104 pages
[    0.000000] Initmem setup node 0 [mem 0x0000000000001000-0x000000003ffeffff]
[    0.000000] ACPI: PM-Timer IO Port: 0x4008
[    0.000000] IOAPIC[0]: apic_id 2, version 32, address 0xfec00000, GSI 0-23
[    0.000000] ACPI: INT_SRC_OVR (bus 0 bus_irq 0 global_irq 2 dfl dfl)
[    0.000000] ACPI: INT_SRC_OVR (bus 0 bus_irq 9 global_irq 9 low level)
[    0.000000] Using ACPI (MADT) for SMP configuration information
[    0.000000] smpboot: Allowing 2 CPUs, 0 hotplug CPUs
[    0.000000] PM: Registered nosave memory: [mem 0x00000000-0x00000fff]
[    0.000000] PM: Registered nosave memory: [mem 0x0009f000-0x0009ffff]
[    0.000000] PM: Registered nosave memory: [mem 0x000a0000-0x000effff]
[    0.000000] PM: Registered nosave memory: [mem 0x000f0000-0x000fffff]
[    0.000000] e820: [mem 0x40000000-0xfebfffff] available for PCI devices
[    0.000000] Booting paravirtualized kernel on KVM
[    0.000000] clocksource: refined-jiffies: mask: 0xffffffff max_cycles: 0xffffffff, max_idle_ns: 7645519600211568 ns
[    0.000000] setup_percpu: NR_CPUS:8192 nr_cpumask_bits:2 nr_cpu_ids:2 nr_node_ids:1
[    0.000000] percpu: Embedded 50 pages/cpu s167936 r8192 d28672 u1048576
[    0.000000] PV qspinlock hash table entries: 256 (order: 0, 4096 bytes)
[    0.000000] Built 1 zonelists, mobility grouping on.  Total pages: 257913
[    0.000000] Policy zone: DMA32
[    0.000000] Kernel command line: BOOT_IMAGE=/boot/vmlinuz-4.15.0-208-generic root=LABEL=cloudimg-rootfs ro console=tty1 console=ttyS0
[    0.000000] Memory: 982640K/1048120K available (12300K kernel code, 2477K rwdata, 4324K rodata, 2480K init, 2720K bss, 65480K reserved, 0K cma-reserved)
[    0.000000] SLUB: HWalign=64, Order=0-3, MinObjects=0, CPUs=2, Nodes=1
[    0.000000] ftrace: allocating 39494 entries in 155 pages
[    0.004000] Hierarchical RCU implementation.
[    0.004000] 	RCU restricting CPUs from NR_CPUS=8192 to nr_cpu_ids=2.
[    0.004000] 	Tasks RCU enabled.
[    0.004000] RCU: Adjusting geometry for rcu_fanout_leaf=16, nr_cpu_ids=2
[    0.004000] NR_IRQS: 524544, nr_irqs: 440, preallocated irqs: 16
[    0.004000] random: crng init done
[    0.004000] Console: colour VGA+ 80x25
[    0.004000] console [tty1] enabled
[    0.004000] console [ttyS0] enabled
[    0.004000] ACPI: Core revision 20170831
[    0.004000] ACPI: 2 ACPI AML tables successfully acquired and loaded
[    0.004000] APIC: Switch to symmetric I/O mode setup
[    0.004000] x2apic enabled
[    0.004000] Switched APIC routing to physical x2apic.
[    0.004000] ..TIMER: vector=0x30 apic1=0 pin1=2 apic2=-1 pin2=-1
[    0.004000] tsc: Detected 2595.128 MHz processor
[    0.004000] Calibrating delay loop (skipped) preset value.. 5190.25 BogoMIPS (lpj=10380512)
[    0.004000] pid_max: default: 32768 minimum: 301
[    0.004000] Security Framework initialized
[    0.004000] Yama: becoming mindful.
[    0.004000] AppArmor: AppArmor initialized
[    0.004000] Dentry cache hash table entries: 131072 (order: 8, 1048576 bytes)
[    0.004000] Inode-cache hash table entries: 65536 (order: 7, 524288 bytes)
[    0.004000] Mount-cache hash table entries: 2048 (order: 2, 16384 bytes)
[    0.004000] Mountpoint-cache hash table entries: 2048 (order: 2, 16384 bytes)
[    0.004000] Last level iTLB entries: 4KB 1024, 2MB 1024, 4MB 512
[    0.004000] Last level dTLB entries: 4KB 1536, 2MB 1536, 4MB 768, 1GB 0
[    0.004000] Spectre V1 : Mitigation: usercopy/swapgs barriers and __user pointer sanitization
[    0.004000] Spectre V2 : Mitigation: Retpolines
[    0.004000] Spectre V2 : Spectre v2 / SpectreRSB mitigation: Filling RSB on context switch
[    0.004000] Spectre V2 : Spectre v2 / SpectreRSB : Filling RSB on VMEXIT
[    0.004000] RETBleed: Vulnerable
[    0.004000] Freeing SMP alternatives memory: 36K
[    0.126427] APIC calibration not consistent with PM-Timer: 107ms instead of 100ms
[    0.128000] APIC delta adjusted to PM-Timer: 6412769 (6909913)
[    0.128094] smpboot: CPU0: AMD Ryzen 3 3250U with Radeon Graphics (family: 0x17, model: 0x18, stepping: 0x1)
[    0.130468] Performance Events: PMU not available due to virtualization, using software events only.
[    0.132030] Hierarchical SRCU implementation.
[    0.133747] NMI watchdog: Perf event create on CPU 0 failed with -2
[    0.135135] NMI watchdog: Perf NMI watchdog permanently disabled
[    0.136154] smp: Bringing up secondary CPUs ...
[    0.137602] x86: Booting SMP configuration:
[    0.138552] .... node  #0, CPUs:      #1
[    0.004000] kvm-clock: cpu 1, msr 0:3ff44041, secondary cpu clock
[    0.152034] smp: Brought up 1 node, 2 CPUs
[    0.153366] smpboot: Max logical packages: 1
[    0.154335] smpboot: Total of 2 processors activated (10380.51 BogoMIPS)
[    0.156071] devtmpfs: initialized
[    0.156815] x86/mm: Memory block size: 128MB
[    0.157930] evm: security.selinux
[    0.158709] evm: security.SMACK64
[    0.159596] evm: security.SMACK64EXEC
[    0.160006] evm: security.SMACK64TRANSMUTE
[    0.160918] evm: security.SMACK64MMAP
[    0.161694] evm: security.apparmor
[    0.162910] evm: security.ima
[    0.163557] evm: security.capability
[    0.164109] clocksource: jiffies: mask: 0xffffffff max_cycles: 0xffffffff, max_idle_ns: 7645041785100000 ns
[    0.166136] futex hash table entries: 512 (order: 3, 32768 bytes)
[    0.166136] pinctrl core: initialized pinctrl subsystem
[    0.168154] RTC time: 14:26:50, date: 05/10/23
[    0.169580] NET: Registered protocol family 16
[    0.170882] audit: initializing netlink subsys (disabled)
[    0.176054] audit: type=2000 audit(1683728816.225:1): state=initialized audit_enabled=0 res=1
[    0.178058] cpuidle: using governor ladder
[    0.180023] cpuidle: using governor menu
[    0.181457] ACPI: bus type PCI registered
[    0.181457] acpiphp: ACPI Hot Plug PCI Controller Driver version: 0.5
[    0.184148] PCI: Using configuration type 1 for base access
[    0.185531] PCI: Using configuration type 1 for extended access
[    0.188074] HugeTLB registered 2.00 MiB page size, pre-allocated 0 pages
[    0.192139] ACPI: Added _OSI(Module Device)
[    0.193320] ACPI: Added _OSI(Processor Device)
[    0.194621] ACPI: Added _OSI(3.0 _SCP Extensions)
[    0.196000] ACPI: Added _OSI(Processor Aggregator Device)
[    0.196026] ACPI: Added _OSI(Linux-Dell-Video)
[    0.197077] ACPI: Added _OSI(Linux-Lenovo-NV-HDMI-Audio)
[    0.198191] ACPI: Added _OSI(Linux-HPI-Hybrid-Graphics)
[    0.200158] ACPI: Executed 1 blocks of module-level executable AML code
[    0.205958] ACPI: Interpreter enabled
[    0.208044] ACPI: (supports S0 S5)
[    0.212009] ACPI: Using IOAPIC for interrupt routing
[    0.216498] PCI: Using host bridge windows from ACPI; if necessary, use "pci=nocrs" and report a bug
[    0.220295] ACPI: Enabled 2 GPEs in block 00 to 07
[    0.230707] ACPI: PCI Root Bridge [PCI0] (domain 0000 [bus 00-ff])
[    0.232018] acpi PNP0A03:00: _OSC: OS supports [ExtendedConfig ASPM ClockPM Segments MSI]
[    0.235163] acpi PNP0A03:00: _OSC: platform does not support [PCIeCapability]
[    0.236685] acpi PNP0A03:00: _OSC: not requesting control; platform does not support [PCIeCapability]
[    0.238893] acpi PNP0A03:00: _OSC: OS requested [PCIeHotplug PME AER PCIeCapability]
[    0.240012] acpi PNP0A03:00: _OSC: platform willing to grant [PCIeHotplug PME AER]
[    0.242559] acpi PNP0A03:00: _OSC failed (AE_SUPPORT); disabling ASPM
[    0.244571] PCI host bridge to bus 0000:00
[    0.245524] pci_bus 0000:00: root bus resource [io  0x0000-0x0cf7 window]
[    0.248007] pci_bus 0000:00: root bus resource [io  0x0d00-0xffff window]
[    0.249532] pci_bus 0000:00: root bus resource [mem 0x000a0000-0x000bffff window]
[    0.251268] pci_bus 0000:00: root bus resource [mem 0x40000000-0xfdffffff window]
[    0.252013] pci_bus 0000:00: root bus resource [bus 00-ff]
[    0.257371] pci 0000:00:01.1: legacy IDE quirk: reg 0x10: [io  0x01f0-0x01f7]
[    0.259761] pci 0000:00:01.1: legacy IDE quirk: reg 0x14: [io  0x03f6]
[    0.260012] pci 0000:00:01.1: legacy IDE quirk: reg 0x18: [io  0x0170-0x0177]
[    0.261765] pci 0000:00:01.1: legacy IDE quirk: reg 0x1c: [io  0x0376]
[    0.293260] pci 0000:00:07.0: quirk: [io  0x4000-0x403f] claimed by PIIX4 ACPI
[    0.296014] pci 0000:00:07.0: quirk: [io  0x4100-0x410f] claimed by PIIX4 SMB
[    0.316664] ACPI: PCI Interrupt Link [LNKA] (IRQs 5 9 10 *11)
[    0.319449] ACPI: PCI Interrupt Link [LNKB] (IRQs 5 9 *10 11)
[    0.320210] ACPI: PCI Interrupt Link [LNKC] (IRQs 5 *9 10 11)
[    0.322183] ACPI: PCI Interrupt Link [LNKD] (IRQs 5 9 10 *11)
[    0.324574] SCSI subsystem initialized
[    0.325685] pci 0000:00:02.0: vgaarb: setting as boot VGA device
[    0.325685] pci 0000:00:02.0: vgaarb: VGA device added: decodes=io+mem,owns=io+mem,locks=none
[    0.328011] pci 0000:00:02.0: vgaarb: bridge control possible
[    0.329340] vgaarb: loaded
[    0.330135] ACPI: bus type USB registered
[    0.332058] usbcore: registered new interface driver usbfs
[    0.333379] usbcore: registered new interface driver hub
[    0.334761] usbcore: registered new device driver usb
[    0.336123] EDAC MC: Ver: 3.0.0
[    0.340060] PCI: Using ACPI for IRQ routing
[    0.341321] NetLabel: Initializing
[    0.342064] NetLabel:  domain hash size = 128
[    0.342064] NetLabel:  protocols = UNLABELED CIPSOv4 CALIPSO
[    0.342840] NetLabel:  unlabeled traffic allowed by default
[    0.348136] clocksource: Switched to clocksource kvm-clock
[    0.353736] VFS: Disk quotas dquot_6.6.0
[    0.353736] VFS: Dquot-cache hash table entries: 512 (order 0, 4096 bytes)
[    0.353736] AppArmor: AppArmor Filesystem Enabled
[    0.353736] pnp: PnP ACPI init
[    0.353736] pnp: PnP ACPI: found 3 devices
[    0.394810] clocksource: acpi_pm: mask: 0xffffff max_cycles: 0xffffff, max_idle_ns: 2085701024 ns
[    0.396397] NET: Registered protocol family 2
[    0.396397] IP idents hash table entries: 16384 (order: 5, 131072 bytes)
[    0.404730] TCP established hash table entries: 8192 (order: 4, 65536 bytes)
[    0.406371] TCP bind hash table entries: 8192 (order: 5, 131072 bytes)
[    0.407976] TCP: Hash tables configured (established 8192 bind 8192)
[    0.408672] UDP hash table entries: 512 (order: 2, 16384 bytes)
[    0.408672] UDP-Lite hash table entries: 512 (order: 2, 16384 bytes)
[    0.408672] NET: Registered protocol family 1
[    0.408672] pci 0000:00:00.0: Limiting direct PCI/PCI transfers
[    0.408672] pci 0000:00:01.0: Activating ISA DMA hang workarounds
[    0.408672] pci 0000:00:02.0: Video device with shadowed ROM at [mem 0x000c0000-0x000dffff]
[    0.408672] Unpacking initramfs...
[    1.002032] Freeing initrd memory: 19532K
[    1.004597] clocksource: tsc: mask: 0xffffffffffffffff max_cycles: 0x256841b7fc2, max_idle_ns: 440795326358 ns
[    1.010429] platform rtc_cmos: registered platform RTC device (no PNP device found)
[    1.013185] Scanning for low memory corruption every 60 seconds
[    1.019576] Initialise system trusted keyrings
[    1.021507] Key type blacklist registered
[    1.023112] workingset: timestamp_bits=36 max_order=18 bucket_order=0
[    1.027028] zbud: loaded
[    1.029042] squashfs: version 4.0 (2009/01/31) Phillip Lougher
[    1.031850] fuse init (API version 7.26)
[    1.047192] Key type asymmetric registered
[    1.049367] Asymmetric key parser 'x509' registered
[    1.051550] Block layer SCSI generic (bsg) driver version 0.4 loaded (major 246)
[    1.055095] io scheduler noop registered
[    1.057196] io scheduler deadline registered
[    1.060096] io scheduler cfq registered (default)
[    1.062567] ACPI: AC Adapter [AC] (on-line)
[    1.064401] input: Power Button as /devices/LNXSYSTM:00/LNXPWRBN:00/input/input0
[    1.068348] ACPI: Power Button [PWRF]
[    1.071066] input: Sleep Button as /devices/LNXSYSTM:00/LNXSLPBN:00/input/input1
[    1.080292] ACPI: Sleep Button [SLPF]
[    1.086614] ACPI: Battery Slot [BAT0] (battery present)
[    1.092208] Serial: 8250/16550 driver, 32 ports, IRQ sharing enabled
[    1.128501] 00:02: ttyS0 at I/O 0x3f8 (irq = 4, base_baud = 115200) isa 16550A
[    1.158933] Linux agpgart interface v0.103
[    1.170421] loop: module loaded
[    1.173635] scsi host0: ata_piix
[    1.175135] scsi host1: ata_piix
[    1.176224] ata1: PATA max UDMA/33 cmd 0x1f0 ctl 0x3f6 bmdma 0xd000 irq 14
[    1.178387] ata2: PATA max UDMA/33 cmd 0x170 ctl 0x376 bmdma 0xd008 irq 15
[    1.181204] tun: Universal TUN/TAP device driver, 1.6
[    1.182850] PPP generic driver version 2.4.2
[    1.184180] ehci_hcd: USB 2.0 'Enhanced' Host Controller (EHCI) Driver
[    1.185797] ehci-pci: EHCI PCI platform driver
[    1.187461] ehci-platform: EHCI generic platform driver
[    1.188808] ohci_hcd: USB 1.1 'Open' Host Controller (OHCI) Driver
[    1.190672] ohci-pci: OHCI PCI platform driver
[    1.191836] ohci-platform: OHCI generic platform driver
[    1.193242] uhci_hcd: USB Universal Host Controller Interface driver
[    1.194950] i8042: PNP: PS/2 Controller [PNP0303:PS2K,PNP0f03:PS2M] at 0x60,0x64 irq 1,12
[    1.197755] serio: i8042 KBD port at 0x60,0x64 irq 1
[    1.199706] serio: i8042 AUX port at 0x60,0x64 irq 12
[    1.201344] mousedev: PS/2 mouse device common for all mice
[    1.204178] input: AT Translated Set 2 keyboard as /devices/platform/i8042/serio0/input/input2
[    1.206990] rtc_cmos rtc_cmos: rtc core: registered rtc_cmos as rtc0
[    1.209082] rtc_cmos rtc_cmos: alarms up to one day, 114 bytes nvram
[    1.210778] i2c /dev entries driver
[    1.212065] device-mapper: uevent: version 1.0.3
[    1.213491] device-mapper: ioctl: 4.37.0-ioctl (2017-09-20) initialised: dm-devel@redhat.com
[    1.215726] ledtrig-cpu: registered to indicate activity on CPUs
[    1.218636] NET: Registered protocol family 10
[    1.227472] Segment Routing with IPv6
[    1.228713] NET: Registered protocol family 17
[    1.230775] Key type dns_resolver registered
[    1.232287] mce: Using 0 MCE banks
[    1.233268] RAS: Correctable Errors collector initialized.
[    1.234925] sched_clock: Marking stable (1232236536, 0)->(1428224311, -195987775)
[    1.238741] registered taskstats version 1
[    1.240312] Loading compiled-in X.509 certificates
[    1.245032] Loaded X.509 cert 'Build time autogenerated kernel key: 05d3fa630a0ed8a65520e390196b077fd5e65720'
[    1.248259] Loaded X.509 cert 'Canonical Ltd. Live Patch Signing: 14df34d1a87cf37625abec039ef2bf521249b969'
[    1.251856] Loaded X.509 cert 'Canonical Ltd. Kernel Module Signing: 88f752e560a1e0737e31163a466ad7b70a850c19'
[    1.254409] blacklist: Loading compiled-in revocation X.509 certificates
[    1.256803] Loaded X.509 cert 'Canonical Ltd. Secure Boot Signing: 61482aa2830d0ab2ad5af10b7250da9033ddcef0'
[    1.260930] Loaded X.509 cert 'Canonical Ltd. Secure Boot Signing (2017): 242ade75ac4a15e50d50c84b0d45ff3eae707a03'
[    1.263790] Loaded X.509 cert 'Canonical Ltd. Secure Boot Signing (ESM 2018): 365188c1d374d6b07c3c8f240f8ef722433d6a8b'
[    1.266672] Loaded X.509 cert 'Canonical Ltd. Secure Boot Signing (2019): c0746fd6c5da3ae827864651ad66ae47fe24b3e8'
[    1.269685] Loaded X.509 cert 'Canonical Ltd. Secure Boot Signing (2021 v1): a8d54bbb3825cfb94fa13c9f8a594a195c107b8d'
[    1.272430] Loaded X.509 cert 'Canonical Ltd. Secure Boot Signing (2021 v2): 4cf046892d6fd3c9a5b03f98d845f90851dc6a8c'
[    1.275941] Loaded X.509 cert 'Canonical Ltd. Secure Boot Signing (2021 v3): 100437bb6de6e469b581e61cd66bce3ef4ed53af'
[    1.279469] Loaded X.509 cert 'Canonical Ltd. Secure Boot Signing (Ubuntu Core 2019): c1d57b8f6b743f23ee41f4f7ee292f06eecadfb9'
[    1.282615] zswap: loaded using pool lzo/zbud
[    1.289496] Key type big_key registered
[    1.290638] Key type trusted registered
[    1.298717] Key type encrypted registered
[    1.299987] AppArmor: AppArmor sha1 policy hashing enabled
[    1.301485] ima: No TPM chip found, activating TPM-bypass! (rc=-19)
[    1.303246] ima: Allocated hash algorithm: sha1
[    1.304853] evm: HMAC attrs: 0x1
[    1.306218]   Magic number: 7:603:434
[    1.307981] rtc_cmos rtc_cmos: setting system clock to 2023-05-10 14:26:51 UTC (1683728811)
[    1.311489] BIOS EDD facility v0.16 2004-Jun-25, 0 devices found
[    1.313114] EDD information not available.
[    1.411453] Freeing unused kernel image memory: 2480K
[    1.817061] Write protecting the kernel read-only data: 20480k
[    1.818913] Freeing unused kernel image memory: 2008K
[    1.820223] Freeing unused kernel image memory: 1820K
[    1.828419] x86/mm: Checked W+X mappings: passed, no W+X pages found.
Loading, please wait...
starting version 237
[    1.900594] Fusion MPT base driver 3.04.20
[    1.904095] Copyright (c) 1999-2008 LSI Corporation
[    1.905510] e1000: Intel(R) PRO/1000 Network Driver - version 7.3.21-k8-NAPI
[    1.907544] e1000: Copyright (c) 1999-2006 Intel Corporation.
[    1.935169] AVX2 version of gcm_enc/dec engaged.
[    1.936822] AES CTR mode by8 optimization enabled
[    1.945194] Fusion MPT SPI Host driver 3.04.20
[    2.111454] input: ImExPS/2 Generic Explorer Mouse as /devices/platform/i8042/serio1/input/input4
[    2.428952] e1000 0000:00:03.0 eth0: (PCI:33MHz:32-bit) 02:e1:6b:97:21:6b
[    2.431994] e1000 0000:00:03.0 eth0: Intel(R) PRO/1000 Network Connection
[    2.437973] mptbase: ioc0: Initiating bringup
[    3.029557] ioc0: LSI53C1030 A0: Capabilities={Initiator}
[    4.315062] scsi host2: ioc0: LSI53C1030 A0, FwRev=00000000h, Ports=1, MaxQ=256, IRQ=20
[    6.808816] scsi 2:0:0:0: Direct-Access     VBOX     HARDDISK         1.0  PQ: 0 ANSI: 5
[    6.968244] scsi target2:0:0: Beginning Domain Validation
[    6.970730] scsi target2:0:0: Domain Validation skipping write tests
[    6.972552] scsi target2:0:0: Ending Domain Validation
[    6.973846] scsi target2:0:0: asynchronous
[    6.975846] scsi 2:0:1:0: Direct-Access     VBOX     HARDDISK         1.0  PQ: 0 ANSI: 5
[    7.224071] scsi target2:0:1: Beginning Domain Validation
[    7.227399] scsi target2:0:1: Domain Validation skipping write tests
[    7.228896] scsi target2:0:1: Ending Domain Validation
[    7.230635] scsi target2:0:1: asynchronous
[    7.238285] sd 2:0:0:0: Attached scsi generic sg0 type 0
[    7.239350] sd 2:0:0:0: [sda] 83886080 512-byte logical blocks: (42.9 GB/40.0 GiB)
[    7.240502] sd 2:0:1:0: Attached scsi generic sg1 type 0
[    7.241985] sd 2:0:0:0: [sda] Write Protect is off
[    7.244286] sd 2:0:1:0: [sdb] 20480 512-byte logical blocks: (10.5 MB/10.0 MiB)
[    7.245298] e1000 0000:00:08.0 eth1: (PCI:33MHz:32-bit) 08:00:27:f6:b9:db
[    7.246573] sd 2:0:0:0: [sda] Incomplete mode parameter data
[    7.250961] e1000 0000:00:08.0 eth1: Intel(R) PRO/1000 Network Connection
[    7.253428] sd 2:0:0:0: [sda] Assuming drive cache: write through
[    7.255529] sd 2:0:1:0: [sdb] Write Protect is off
[    7.258142] sd 2:0:1:0: [sdb] Incomplete mode parameter data
[    7.259465] sd 2:0:1:0: [sdb] Assuming drive cache: write through
[    7.264717]  sda: sda1
[    7.266095] sd 2:0:0:0: [sda] Attached SCSI disk
[    7.267662] sd 2:0:1:0: [sdb] Attached SCSI disk
[    7.270065] e1000 0000:00:08.0 enp0s8: renamed from eth1
[    7.288388] e1000 0000:00:03.0 enp0s3: renamed from eth0
Begin: Loading essential drivers ... [    9.456051] raid6: sse2x1   gen()  3419 MB/s
[    9.504150] raid6: sse2x1   xor()  2053 MB/s
[    9.552613] raid6: sse2x2   gen()  8355 MB/s
[    9.600229] raid6: sse2x2   xor()  6855 MB/s
[    9.648612] raid6: sse2x4   gen() 12098 MB/s
[    9.696030] raid6: sse2x4   xor()  5924 MB/s
[    9.744808] raid6: avx2x1   gen() 12131 MB/s
[    9.792949] raid6: avx2x1   xor()  8837 MB/s
[    9.840677] raid6: avx2x2   gen() 14658 MB/s
[    9.888167] raid6: avx2x2   xor()  9747 MB/s
[    9.936562] raid6: avx2x4   gen() 17277 MB/s
[    9.984270] raid6: avx2x4   xor()  9338 MB/s
[    9.985315] raid6: using algorithm avx2x4 gen() 17277 MB/s
[    9.986609] raid6: .... xor() 9338 MB/s, rmw enabled
[    9.987609] raid6: using avx2x2 recovery algorithm
[    9.990101] xor: automatically using best checksumming function   avx       
[    9.992989] async_tx: api initialized (async)
done.
Begin: Running /scripts/init-premount ... done.
Begin: Mounting root file system ... Begin: Running /scripts/local-top ... done.
Begin: Running /scripts/local-premount ... [   10.045123] Btrfs loaded, crc32c=crc32c-intel
Scanning for Btrfs filesystems
done.
Warning: fsck not present, so skipping root file system
[   10.076240] EXT4-fs (sda1): mounted filesystem with ordered data mode. Opts: (null)
done.
Begin: Running /scripts/local-bottom ... done.
Begin: Running /scripts/init-bottom ... done.
[   10.252915] ip_tables: (C) 2000-2006 Netfilter Core Team
[   10.264317] systemd[1]: systemd 237 running in system mode. (+PAM +AUDIT +SELINUX +IMA +APPARMOR +SMACK +SYSVINIT +UTMP +LIBCRYPTSETUP +GCRYPT +GNUTLS +ACL +XZ +LZ4 +SECCOMP +BLKID +ELFUTILS +KMOD -IDN2 +IDN -PCRE2 default-hierarchy=hybrid)
[   10.268633] systemd[1]: Detected virtualization oracle.
[   10.269609] systemd[1]: Detected architecture x86-64.

Welcome to [1mUbuntu 18.04.6 LTS[0m!

[   10.276573] systemd[1]: Set hostname to <ubuntu>.
[   10.279975] systemd[1]: Initializing machine ID from random generator.
[   10.281295] systemd[1]: Installed transient /etc/machine-id file.
[   10.526487] systemd[1]: Reached target Swap.
[[0;32m  OK  [0m] Reached target Swap.
[   10.529135] systemd[1]: Reached target User and Group Name Lookups.
[[0;32m  OK  [0m] Reached target User and Group Name Lookups.
[   10.542865] systemd[1]: Created slice System Slice.
[[0;32m  OK  [0m] Created slice System Slice.
[   10.545354] systemd[1]: Listening on udev Control Socket.
[[0;32m  OK  [0m] Listening on udev Control Socket.
[[0;32m  OK  [0m] Listening on Journal Socket.
         Mounting Kernel Debug File System...
         Mounting Huge Pages File System...
[[0;32m  OK  [0m] Listening on /dev/initctl Compatibility Named Pipe.
         Starting Set the console keyboard layout...
[[0;32m  OK  [0m] Listening on Network Service Netlink Socket.
[[0;32m  OK  [0m] Listening on Journal Socket (/dev/log).
[[0;32m  OK  [0m] Listening on Device-mapper event daemon FIFOs.
[[0;32m  OK  [0m] Reached target Mounting snaps.
[[0;32m  OK  [0m] Created slice User and Session Slice.
         Starting Create list of required st…ce nodes for the current kernel...
[[0;32m  OK  [0m] Listening on udev Kernel Socket.
         Starting udev Coldplug all Devices...
[[0;32m  OK  [0m] Listening on LVM2 metadata daemon socket.
[[0;32m  OK  [0m] Reached target System Time Synchronized.
[[0;32m  OK  [0m] Listening on Syslog Socket.
         Mounting POSIX Message Queue File System...
[[0;32m  OK  [0m] Created slice system-serial\x2dgetty.slice.
[[0;32m  OK  [0m] Started Forward Password Requests to Wall Directory Watch.
         Starting Monitoring of LVM2 mirrors…ng dmeventd or progress polling...
         Starting Load Kernel Modules...
[[0;32m  OK  [0m] Reached target Slices.
[[0;32m  OK  [0m] Set up automount Arbitrary Executab…rmats File System Automount Point.
[[0;32m  OK  [0m] Listening on LVM2 poll daemon socket.
[[0;32m  OK  [0m] Listening on Journal Audit Socket.
         Starting Journal Service...
[[0;32m  OK  [0m] Listening on fsck to fsckd communication Socket.
         Starting File System Check on Root Device...
         Starting Uncomplicated firewall...
[[0;32m  OK  [0m] Reached target Mounted snaps.
[[0;32m  OK  [0m] Mounted Kernel Debug File System.
[[0;32m  OK  [0m] Mounted Huge Pages File System.
[[0;32m  OK  [0m] Started Create list of required sta…vice nodes for the current kernel.
[[0;32m  OK  [0m] Mounted POSIX Message Queue File System.
         Starting Create Static Device Nodes in /dev...
[[0;32m  OK  [0m] Started udev Coldplug all Devices.
[[0;32m  OK  [0m] Started File System Check Daemon to report status.
[[0;32m  OK  [0m] Started Uncomplicated firewall.
[[0;32m  OK  [0m] Started Set the console keyboard layout.
[[0;32m  OK  [0m] Started Journal Service.
[[0;32m  OK  [0m] Started Create Static Device Nodes in /dev.
[[0;32m  OK  [0m] Started File System Check on Root Device.
         Starting Remount Root and Kernel File Systems...
[[0;32m  OK  [0m] Started LVM2 metadata daemon.
[   10.833696] Loading iSCSI transport class v2.0-870.
[   10.843348] iscsi: registered transport (tcp)
[   10.865797] iscsi: registered transport (iser)
[[0;32m  OK  [0m] Started Load Kernel Modules.
         Mounting Kernel Configuration File System...
         Mounting FUSE Control File System...
         Starting Apply Kernel Variables...
[[0;32m  OK  [0m] Mounted Kernel Configuration File System.
[[0;32m  OK  [0m] Mounted FUSE Control File System.
[[0;32m  OK  [0m] Started Remount Root and Kernel File Systems.
         Starting udev Kernel Device Manager...
         Starting Flush Journal to Persistent Storage...
         Starting Load/Save Random Seed...
[[0;32m  OK  [0m] Started Monitoring of LVM2 mirrors,…sing dmeventd or progress polling.
[[0;32m  OK  [0m] Started Apply Kernel Variables.
[[0;32m  OK  [0m] Reached target Local File Systems (Pre).
[[0;32m  OK  [0m] Reached target Local File Systems.
         Starting Tell Plymouth To Write Out Runtime Data...
         Starting Commit a transient machine-id on disk...
         Starting Set console font and keymap...
         Starting AppArmor initialization...
         Starting ebtables ruleset management...
[[0;32m  OK  [0m] Started udev Kernel Device Manager.
[[0;32m  OK  [0m] Started Dispatch Password Requests to Console Directory Watch.
[[0;32m  OK  [0m] Reached target Local Encrypted Volumes.
[[0;32m  OK  [0m] Started Load/Save Random Seed.
[[0;32m  OK  [0m] Started Tell Plymouth To Write Out Runtime Data.
[[0;32m  OK  [0m] Started Set console font and keymap.
[[0;32m  OK  [0m] Started Flush Journal to Persistent Storage.
         Starting Create Volatile Files and Directories...
[[0;32m  OK  [0m] Started Commit a transient machine-id on disk.
[[0;32m  OK  [0m] Started Create Volatile Files and Directories.
         Starting Update UTMP about System Boot/Shutdown...
[[0;32m  OK  [0m] Started Update UTMP about System Boot/Shutdown.
[[0;32m  OK  [0m] Started ebtables ruleset management.
[[0;32m  OK  [0m] Found device /dev/ttyS0.
[[0;32m  OK  [0m] Listening on Load/Save RF Kill Switch Status /dev/rfkill Watch.
         Mounting Arbitrary Executable File Formats File System...
[[0;32m  OK  [0m] Mounted Arbitrary Executable File Formats File System.
[[0;32m  OK  [0m] Started AppArmor initialization.
         Starting Load AppArmor profiles managed internally by snapd...
         Starting Initial cloud-init job (pre-networking)...
[[0;32m  OK  [0m] Started Load AppArmor profiles managed internally by snapd.
[   14.595402] cloud-init[571]: Cloud-init v. 23.1.1-0ubuntu0~18.04.1 running 'init-local' at Wed, 10 May 2023 14:27:04 +0000. Up 14.15 seconds.
[[0;32m  OK  [0m] Started Initial cloud-init job (pre-networking).
[[0;32m  OK  [0m] Reached target Network (Pre).
         Starting Network Service...
[[0;32m  OK  [0m] Started Network Service.
         Starting Network Name Resolution...
         Starting Wait for Network to be Configured...
[[0;32m  OK  [0m] Started Network Name Resolution.
[[0;32m  OK  [0m] Reached target Network.
[[0;32m  OK  [0m] Reached target Host and Network Name Lookups.
[[0;32m  OK  [0m] Started Wait for Network to be Configured.
         Starting Initial cloud-init job (metadata service crawler)...
[   17.102999] cloud-init[686]: Cloud-init v. 23.1.1-0ubuntu0~18.04.1 running 'init' at Wed, 10 May 2023 14:27:07 +0000. Up 16.94 seconds.
[   17.107163] cloud-init[686]: ci-info: ++++++++++++++++++++++++++++++++++++++Net device info+++++++++++++++++++++++++++++++++++++++
[   17.120481] cloud-init[686]: ci-info: +--------+-------+----------------------------+---------------+--------+-------------------+
[   17.121366] cloud-init[686]: ci-info: | Device |   Up  |          Address           |      Mask     | Scope  |     Hw-Address    |
[   17.122418] cloud-init[686]: ci-info: +--------+-------+----------------------------+---------------+--------+-------------------+
[   17.123401] cloud-init[686]: ci-info: | enp0s3 |  True |         10.0.2.15          | 255.255.255.0 | global | 02:e1:6b:97:21:6b |
[   17.136206] cloud-init[686]: ci-info: | enp0s3 |  True | fe80::e1:6bff:fe97:216b/64 |       .       |  link  | 02:e1:6b:97:21:6b |
[   17.137503] cloud-init[686]: ci-info: | enp0s8 | False |             .              |       .       |   .    | 08:00:27:f6:b9:db |
[   17.141394] cloud-init[686]: ci-info: |   lo   |  True |         127.0.0.1          |   255.0.0.0   |  host  |         .         |
[   17.142925] cloud-init[686]: ci-info: |   lo   |  True |          ::1/128           |       .       |  host  |         .         |
[   17.144909] cloud-init[686]: ci-info: +--------+-------+----------------------------+---------------+--------+-------------------+
[   17.146792] cloud-init[686]: ci-info: ++++++++++++++++++++++++++++Route IPv4 info+++++++++++++++++++++++++++++
[   17.149841] cloud-init[686]: ci-info: +-------+-------------+----------+-----------------+-----------+-------+
[   17.151403] cloud-init[686]: ci-info: | Route | Destination | Gateway  |     Genmask     | Interface | Flags |
[   17.152935] cloud-init[686]: ci-info: +-------+-------------+----------+-----------------+-----------+-------+
[   17.154606] cloud-init[686]: ci-info: |   0   |   0.0.0.0   | 10.0.2.2 |     0.0.0.0     |   enp0s3  |   UG  |
[   17.156025] cloud-init[686]: ci-info: |   1   |   10.0.2.0  | 0.0.0.0  |  255.255.255.0  |   enp0s3  |   U   |
[   17.157345] cloud-init[686]: ci-info: |   2   |   10.0.2.2  | 0.0.0.0  | 255.255.255.255 |   enp0s3  |   UH  |
[   17.159468] cloud-init[686]: ci-info: +-------+-------------+----------+-----------------+-----------+-------+
[   17.161033] cloud-init[686]: ci-info: +++++++++++++++++++Route IPv6 info+++++++++++++++++++
[   17.162382] cloud-init[686]: ci-info: +-------+-------------+---------+-----------+-------+
[   17.163357] cloud-init[686]: ci-info: | Route | Destination | Gateway | Interface | Flags |
[   17.164629] cloud-init[686]: ci-info: +-------+-------------+---------+-----------+-------+
[   17.165909] cloud-init[686]: ci-info: |   1   |  fe80::/64  |    ::   |   enp0s3  |   U   |
[   17.167142] cloud-init[686]: ci-info: |   3   |    local    |    ::   |   enp0s3  |   U   |
[   17.176568] cloud-init[686]: ci-info: |   4   |   ff00::/8  |    ::   |   enp0s3  |   U   |
[   17.188682] cloud-init[686]: ci-info: +-------+-------------+---------+-----------+-------+
[   18.479569] cloud-init[686]: Generating public/private rsa key pair.
[   18.496267] cloud-init[686]: Your identification has been saved in /etc/ssh/ssh_host_rsa_key.
[   18.497651] cloud-init[686]: Your public key has been saved in /etc/ssh/ssh_host_rsa_key.pub.
[   18.500161] cloud-init[686]: The key fingerprint is:
[   18.516772] cloud-init[686]: SHA256:X3EPWjcpDn5kbRM4WgVslp7quwk4gqWBehiJqoNQiTg root@ubuntu-bionic
[   18.517902] cloud-init[686]: The key's randomart image is:
[   18.533884] cloud-init[686]: +---[RSA 2048]----+
[   18.534486] cloud-init[686]: |            ..=o |
[   18.535475] cloud-init[686]: |             O. o|
[   18.563151] cloud-init[686]: |.. .       .B+**.|
[[0;32m  OK  [0m] Started Initial cloud-init job (metadata service crawler).
[   18.571296] cloud-init[686]: |E.+       ..=Bo+o|
[[0;32m  OK  [0m] Reached target Cloud-config availability.
[[0;32m  OK  [0m] Reached target System Initialization.
[   18.581265] [[0;32m  OK  [0m] Started Daily apt download activities.
[[0;32m  OK  [0m] Listening on cloud-init hotplug hook socket.
cloud-init[686]: |++ . .  S  .+o  .|
[   18.584087]          Starting LXD - unix socket.
cloud-init[686]: |+o  =   .. o.    |         Starting Socket activation for snappy daemon.
[[0;32m  OK  [0m] Listening on D-Bus System Message Bus Socket.
[[0;32m  OK  [0m] Listening on Open-iSCSI iscsid Socket.
[[0;32m  OK  [0m] Listening on ACPID Listen Socket.
[[0;32m  OK  [0m] Started Ubuntu Advantage Timer for running repeated jobs.
[[0;32m  OK  [0m] Started Daily apt upgrade and clean activities.
[[0;32m  OK  [0m] Started ACPI Events Check.
[[0;32m  OK  [0m] Reached target Paths.
[[0;32m  OK  [0m] Started Daily Cleanup of Temporary Directories.
[[0;32m  OK  [0m] Started Message of the Day.
[[0;32m  OK  [0m] Listening on UUID daemon activation socket.
[[0;32m  OK  [0m] Started Discard unused blocks once a week.
[[0;32m  OK  [0m] Reached target Timers.
[[0;32m  OK  [0m] Reached target Network is Online.
[[0;32m  OK  [0m] Reached target Remote File Systems (Pre).
[[0;32m  OK  [0m] Reached target Remote File Systems.
         Starting Availability of block devices...
[[0;32m  OK  [0m] Listening on LXD - unix socket.
[[0;32m  OK  [0m] Listening on Socket activation for snappy daemon.
[[0;32m  OK  [0m] Reached target Sockets.
[[0;32m  OK  [0m] Reached target Basic System.

         Starting Pollinate to seed the pseudo random number generator...
[   18.608154] cloud-init[686]: |* .o . o .o      |
[   18.610868] cloud-init[686]: |+.    . . ...    |
[   18.612536] cloud-init[686]: |..         +o    |         Starting Login Service...
         Starting Accounts Service...

[   18.636623] cloud-init[686]: +----[SHA256]-----+
[   18.639661] cloud-init[686]: Generating public/private dsa key pair.
[   18.640312] cloud-init[686]: Your identification has been saved in /etc/ssh/ssh_host_dsa_key.
[   18.641091] cloud-init[686]: Your public key has been saved in /etc/ssh/ssh_host_dsa_key.pub.
[   18.642098] cloud-init[686]: The key fingerprint is:
[   18.642952] cloud-init[686]: SHA256:Yv+gcjuSjeji/WBnhNz4dzO+bHUvnmZG6xJMaIgtDJM root@ubuntu-bionic
[   18.644428] cloud-init[686]: The key's randomart image is:
[   18.645171] cloud-init[686]: +---[DSA 1024]----+
[   18.645891] cloud-init[686]: |    .            |
[   18.646459] cloud-init[686]: |   E             |
[[0;32m  OK  [0m[   18.656565] cloud-init[686]: |    + o . .      |
[   18.656736] cloud-init[686]: |  . ++ o o .     |
[   18.657204] cloud-init[686]: |   + o+ S o      |
] Started irqbalance daemon.
         Starting LSB: Record successful boot for GRUB...
[   18.657869] cloud-init[686]: |    o. o   + o   |
[[0;32m  OK  [0m] Started Deferred execution scheduler.
         Starting LSB: automatic crash report generation...
[[0;32m  OK  [0m] Started D-Bus System Message Bus.
[   18.666189] cloud-init[686]: |   + B .o+. + o  |
[   18.674406] cloud-init[686]: |. + O =.++o. *.. |
[   18.688637] cloud-init[686]: |.+...=oo.+o B+.  |
[   18.689317] cloud-init[686]: +----[SHA256]-----+
[   18.690061] cloud-init[686]: Generating public/private ecdsa key pair.
[   18.700629] cloud-init[686]: Your identification has been saved in /etc/ssh/ssh_host_ecdsa_key.
[   18.701980] cloud-init[686]: Your public key has been saved in /etc/ssh/ssh_host_ecdsa_key.pub.
[   18.705897] cloud-init[686]: The key fingerprint is:
[   18.709656] cloud-init[686]: SHA256:I4zhAaNUmmMOvSegGPzCBECPDFi/lu7D+fDTIZl+inw root@ubuntu-bionic
[   18.710656] cloud-init[686]: The key's randomart image is:
[   18.712625] cloud-init[686]: +---[ECDSA 256]---+
[   18.713290] cloud-init[686]: |B+=.             |
[   18.713896] cloud-init[686]: |Bo=+             |
[   18.714629] cloud-init[686]: |=X..+            |
[   18.715633] cloud-init[686]: |Oooo B           |
[   18.716687] cloud-init[686]: |o+o.B ooS        |
[   18.728879] cloud-init[686]: |  .=  +...       |
[   18.740453] cloud-init[686]: |   .oo o .       |
[   18.741192] cloud-init[686]: |   o++E o        |
[   18.741889] cloud-init[686]: |    ++++         |
[   18.742579] cloud-init[686]: +----[SHA256]-----+
[   18.743242] cloud-init[686]: Generating public/private ed25519 key pair.
[   18.744573] cloud-init[686]: Your identification has been saved in /etc/ssh/ssh_host_ed25519_key.
[   18.745916] cloud-init[686]: Your public key has been saved in /etc/ssh/ssh_host_ed25519_key.pub.
[   18.747028] cloud-init[686]: The key fingerprint is:
[[0;32m  OK  [0m] Started Login Service.
         Starting Permit User Sessions...
         Starting LXD - container startup/shutdown...
[   18.752867] cloud-init[686]: SHA256:wgO/OrA2dqLjovd8VLXfKnoQG15A3rr83o2oiLll0no root@ubuntu-bionic
         [   18.768381] cloud-init[686]: The key's randomart image is:
[   18.770892] cloud-init[686]: +--[ED25519 256]--+
Starting System Logging Service...
[[0;32m  OK  [0m] Started Unattended Upgrades Shutdown.
[   18.779680] cloud-init[686]: |       ..        |
[   18.780976] cloud-init[686]: |       ....      |
[   18.793296] cloud-init[686]: |    .   .o..     |
[   18.794481] cloud-init[686]: |     +  +.o      |
[   18.795286] cloud-init[686]: |      =oS= . .   |
[   18.796776] cloud-init[686]: |  .  ..=+.  . .  |
[   18.798488] cloud-init[686]: |   o..= o.   .   |
[   18.799707] cloud-init[686]: |o B.oOE. .oo.o   |
[   18.802177] cloud-init[686]: |*B =O=. o=+.o .  |
[   18.802957] cloud-init[686]: +----[SHA256]-----+
         Starting Dispatcher daemon for systemd-networkd...
         Starting Virtualbox guest utils...
[[0;32m  OK  [0m] Started FUSE filesystem for LXC.
[[0;32m  OK  [0m] Reached target Login Prompts (Pre).
[[0;32m  OK  [0m] Started Regular background program processing daemon.
         Starting Snap Daemon...
[[0;32m  OK  [0m] Started System Logging Service.
[[0;32m  OK  [0m] Started Availability of block devices.
[[0;32m  OK  [0m] Started Permit User Sessions.
         Starting Authorization Manager...
         Starting Hold until boot process finishes up...
         Starting Terminate Plymouth Boot Screen...
[[0;32m  OK  [0m] Started Hold until boot process finishes up.
         Starting Set console scheme...
[[0;32m  OK  [0m] Started Serial Getty on ttyS0.
[[0;32m  OK  [0m] Started Terminate Plymouth Boot Screen.
[[0;32m  OK  [0m] Started LXD - container startup/shutdown.
[[0;32m  OK  [0m] Started Set console scheme.
[[0;32m  OK  [0m] Created slice system-getty.slice.
[[0;32m  OK  [0m] Started Getty on tty1.
[[0;32m  OK  [0m] Reached target Login Prompts.
[[0;32m  OK  [0m] Started LSB: automatic crash report generation.
[[0;32m  OK  [0m] Started LSB: Record successful boot for GRUB.
[[0;32m  OK  [0m] Started Authorization Manager.
[[0;32m  OK  [0m] Started Accounts Service.
[[0;32m  OK  [0m] Started Virtualbox guest utils.
[[0;32m  OK  [0m] Started Dispatcher daemon for systemd-networkd.
[[0;32m  OK  [0m] Started Snap Daemon.
         Starting Wait until snapd is fully seeded...
[[0;32m  OK  [0m] Started Pollinate to seed the pseudo random number generator.
         Starting OpenBSD Secure Shell server...
[[0;32m  OK  [0m] Started OpenBSD Secure Shell server.
         Starting Time & Date Service...
[[0;32m  OK  [0m] Started Time & Date Service.
[[0;32m  OK  [0m] Started Wait until snapd is fully seeded.
         Starting Apply the settings specified in cloud-config...
[[0;32m  OK  [0m] Created slice User Slice of vagrant.
         Starting User Manager for UID 1000...
[[0;32m  OK  [0m] Started Session 1 of user vagrant.
[[0;32m  OK  [0m] Started User Manager for UID 1000.
[   24.107826] cloud-init[1217]: Cloud-init v. 23.1.1-0ubuntu0~18.04.1 running 'modules:config' at Wed, 10 May 2023 14:27:13 +0000. Up 23.33 seconds.
[[0;32m  OK  [0m] Started Apply the settings specified in cloud-config.
[[0;32m  OK  [0m] Reached target Multi-User System.
[[0;32m  OK  [0m] Reached target Graphical Interface.
         Starting Update UTMP about System Runlevel Changes...
         Starting Execute cloud user/final scripts...
[[0;32m  OK  [0m] Started Update UTMP about System Runlevel Changes.

Ubuntu 18.04.6 LTS ubuntu-bionic ttyS0

ubuntu-bionic login: ci-info: no authorized SSH keys fingerprints found for user ubuntu.
<14>May 10 14:27:15 cloud-init: #############################################################
<14>May 10 14:27:15 cloud-init: -----BEGIN SSH HOST KEY FINGERPRINTS-----
<14>May 10 14:27:15 cloud-init: 1024 SHA256:Yv+gcjuSjeji/WBnhNz4dzO+bHUvnmZG6xJMaIgtDJM root@ubuntu-bionic (DSA)
<14>May 10 14:27:15 cloud-init: 256 SHA256:I4zhAaNUmmMOvSegGPzCBECPDFi/lu7D+fDTIZl+inw root@ubuntu-bionic (ECDSA)
<14>May 10 14:27:15 cloud-init: 256 SHA256:wgO/OrA2dqLjovd8VLXfKnoQG15A3rr83o2oiLll0no root@ubuntu-bionic (ED25519)
<14>May 10 14:27:15 cloud-init: 2048 SHA256:X3EPWjcpDn5kbRM4WgVslp7quwk4gqWBehiJqoNQiTg root@ubuntu-bionic (RSA)
<14>May 10 14:27:15 cloud-init: -----END SSH HOST KEY FINGERPRINTS-----
<14>May 10 14:27:16 cloud-init: #############################################################
-----BEGIN SSH HOST KEY KEYS-----
ecdsa-sha2-nistp256 AAAAE2VjZHNhLXNoYTItbmlzdHAyNTYAAAAIbmlzdHAyNTYAAABBBI4aMl57ZVej6ZcOIgLKYV1OI9TKhQgP7kv9+fY5B1s1a/JdovUXCs41oJnn3iChpREARkB8TRhnPKw3klJlPyw= root@ubuntu-bionic
ssh-ed25519 AAAAC3NzaC1lZDI1NTE5AAAAICl9gO12IrB/x1we1VE6Sm5UpGtK7NZFvay261beoBaU root@ubuntu-bionic
ssh-rsa AAAAB3NzaC1yc2EAAAADAQABAAABAQCx70qDZEIuWcVttmxUlE2EvhR1Ek6DWOQydCfhJ4i+eABzvE2/UEVfToxuJE+9mpP9ep1yX2bcnRlHhwar/Li2UxAUlpvE205BN32/RQttIIIlYs6m3MHHLFPH8hR31DpaNnb3AQ3qZA9hbYZUv2nlM9D2FaHBFsPZc0biduAgElsCP1kwW3sBCWjWwjIfVryf3gGwWB33LwZ1/F1YIAF8Nk5HHBV21iK2pHa40U0AUu18mNFWvpl0Dn/D1KQFtsVWDZgA98w2hBDyo71MLtMtJydl1hnfzVmsvuvn9qQ8KkWZsYnbUWUuDhy9EAOC22h36JEgvMLU9qkRkRdxfEKb root@ubuntu-bionic
-----END SSH HOST KEY KEYS-----
[   25.929769] cloud-init[1320]: Cloud-init v. 23.1.1-0ubuntu0~18.04.1 running 'modules:final' at Wed, 10 May 2023 14:27:15 +0000. Up 25.16 seconds.
[   25.930385] cloud-init[1320]: Cloud-init v. 23.1.1-0ubuntu0~18.04.1 finished at Wed, 10 May 2023 14:27:16 +0000. Datasource DataSourceNoCloud [seed=/dev/sdb][dsmode=net].  Up 25.91 seconds
